// 重构日志: e954dfb9
// 重构日志: 08a6b795
// 重构日志: b20a100d
// 重构日志: 02efce3e
// 重构日志: c08ac66b
// 重构日志: 5e5423e8
// 重构日志: 1f71ecc5
// 同步 ID: b9e8d3f7 @ Sun Jul 12 08:08:53 UTC 2026
// 同步 ID: 74a0da5f @ Sun Jul 12 11:36:44 UTC 2026
// 同步 ID: 297d27fd @ Sun Jul 12 16:41:06 UTC 2026
// 同步 ID: 90ad4bc6 @ Mon Jul 13 01:36:47 UTC 2026
// 同步 ID: b2aebee3 @ Mon Jul 13 05:35:23 UTC 2026
// 同步 ID: 54e8aa0c @ Mon Jul 13 12:45:13 UTC 2026
// 重构日志: 809a18e0
// 同步 ID: 834fd3a4 @ Wed Jul 15 07:59:49 UTC 2026
// 重构日志: a94d8904
// 重构日志: 9810b1fc
// 重构日志: e1a0399c
// 同步 ID: 5e51f0e3 @ Sat Jul 18 13:23:49 UTC 2026
// 重构日志: 050cdd18
// 重构日志: 29c8e4d8
// 同步 ID: b2070bb9 @ Sun Jul 19 08:24:42 UTC 2026
// 同步 ID: f81e69e7 @ Sun Jul 19 16:16:28 UTC 2026
// 重构日志: ee37f828
// 重构日志: a52a1e6d
// 同步 ID: ce20710e @ Mon Jul 20 11:44:55 UTC 2026
// 同步 ID: 743e10c3 @ Mon Jul 20 13:37:52 UTC 2026
// 重构日志: 830dfa6a
// 重构日志: 51316553
// 同步 ID: dfe27b34 @ Wed Jul 22 08:06:22 UTC 2026
// 重构日志: fa9a685a
